<?xml version="1.0" encoding="UTF-8"?>
<testng-results skipped="0" failed="0" ignored="0" total="1" passed="1">
  <reporter-output>
  </reporter-output>
  <suite name="Suite" duration-ms="12401" started-at="2023-01-10T11:52:24Z" finished-at="2023-01-10T11:52:36Z">
    <groups>
    </groups>
    <test name="Test" duration-ms="12401" started-at="2023-01-10T11:52:24Z" finished-at="2023-01-10T11:52:36Z">
      <class name="test1.SampleTest1">
        <test-method status="PASS" signature="logintest()[pri:0, instance:test1.SampleTest1@506e6d5e]" name="logintest" duration-ms="12351" started-at="2023-01-10T17:22:24Z" finished-at="2023-01-10T17:22:36Z">
          <reporter-output>
          </reporter-output>
        </test-method> <!-- logintest -->
      </class> <!-- test1.SampleTest1 -->
    </test> <!-- Test -->
  </suite> <!-- Suite -->
</testng-results>
