<?xml version="1.0" encoding="UTF-8"?>
<testng-results skipped="0" failed="0" ignored="0" total="1" passed="1">
  <reporter-output>
  </reporter-output>
  <suite name="Default suite" duration-ms="12329" started-at="2023-01-10T11:41:15Z" finished-at="2023-01-10T11:41:27Z">
    <groups>
    </groups>
    <test name="Default test" duration-ms="12329" started-at="2023-01-10T11:41:15Z" finished-at="2023-01-10T11:41:27Z">
      <class name="test1.SampleTest1">
        <test-method status="PASS" signature="logintest()[pri:0, instance:test1.SampleTest1@5702b3b1]" name="logintest" duration-ms="12269" started-at="2023-01-10T11:41:15Z" finished-at="2023-01-10T11:41:27Z">
          <reporter-output>
          </reporter-output>
        </test-method> <!-- logintest -->
      </class> <!-- test1.SampleTest1 -->
    </test> <!-- Default test -->
  </suite> <!-- Default suite -->
</testng-results>
